\BOOKMARK [1][-]{section.1}{\376\377\000I\000n\000t\000r\000o\000d\000u\000c\000c\000i\000\363\000n}{}% 1
\BOOKMARK [1][-]{section.2}{\376\377\000R\000e\000q\000u\000e\000r\000i\000m\000i\000e\000n\000t\000o\000s\000\040\000T\000\351\000c\000n\000i\000c\000o\000s}{}% 2
\BOOKMARK [1][-]{section.3}{\376\377\000R\000e\000q\000u\000e\000r\000i\000m\000i\000e\000n\000t\000o\000s\000\040\000d\000e\000\040\000S\000o\000f\000t\000w\000a\000r\000e}{}% 3
\BOOKMARK [1][-]{section.4}{\376\377\000F\000o\000r\000m\000a\000\040\000d\000e\000\040\000I\000n\000s\000t\000a\000l\000a\000r\000\040\000l\000a\000\040\000A\000p\000l\000i\000c\000a\000c\000i\000\363\000n}{}% 4
\BOOKMARK [2][-]{subsection.4.1}{\376\377\000I\000n\000s\000t\000a\000l\000a\000c\000i\000\363\000n\000\040\000d\000e\000l\000\040\000S\000e\000r\000v\000i\000d\000o\000r}{section.4}% 5
\BOOKMARK [2][-]{subsection.4.2}{\376\377\000I\000n\000s\000t\000a\000l\000a\000c\000i\000\363\000n\000\040\000d\000e\000l\000\040\000C\000l\000i\000e\000n\000t\000e\000\040\000W\000e\000b}{section.4}% 6
\BOOKMARK [1][-]{section.5}{\376\377\000O\000p\000c\000i\000o\000n\000e\000s\000\040\000d\000e\000l\000\040\000S\000i\000s\000t\000e\000m\000a}{}% 7
\BOOKMARK [2][-]{subsection.5.1}{\376\377\000I\000n\000i\000c\000i\000o\000\040\000d\000e\000\040\000S\000e\000s\000i\000\363\000n}{section.5}% 8
\BOOKMARK [2][-]{subsection.5.2}{\376\377\000P\000a\000n\000t\000a\000l\000l\000a\000\040\000d\000e\000\040\000I\000n\000i\000c\000i\000o}{section.5}% 9
\BOOKMARK [2][-]{subsection.5.3}{\376\377\000G\000e\000s\000t\000i\000\363\000n\000\040\000d\000e\000\040\000H\000e\000c\000h\000i\000c\000e\000r\000o\000s}{section.5}% 10
\BOOKMARK [2][-]{subsection.5.4}{\376\377\000G\000e\000s\000t\000i\000\363\000n\000\040\000d\000e\000\040\000M\000a\000l\000d\000i\000c\000i\000o\000n\000e\000s}{section.5}% 11
\BOOKMARK [2][-]{subsection.5.5}{\376\377\000G\000e\000s\000t\000i\000\363\000n\000\040\000d\000e\000\040\000M\000i\000s\000i\000o\000n\000e\000s}{section.5}% 12
\BOOKMARK [2][-]{subsection.5.6}{\376\377\000G\000e\000s\000t\000i\000\363\000n\000\040\000d\000e\000\040\000U\000b\000i\000c\000a\000c\000i\000o\000n\000e\000s}{section.5}% 13
\BOOKMARK [2][-]{subsection.5.7}{\376\377\000G\000e\000s\000t\000i\000\363\000n\000\040\000d\000e\000\040\000T\000\351\000c\000n\000i\000c\000a\000s\000\040\000M\000a\000l\000d\000i\000t\000a\000s}{section.5}% 14
\BOOKMARK [2][-]{subsection.5.8}{\376\377\000T\000\351\000c\000n\000i\000c\000a\000s\000\040\000D\000o\000m\000i\000n\000a\000d\000a\000s}{section.5}% 15
\BOOKMARK [2][-]{subsection.5.9}{\376\377\000G\000e\000s\000t\000i\000\363\000n\000\040\000d\000e\000\040\000R\000e\000c\000u\000r\000s\000o\000s}{section.5}% 16
\BOOKMARK [2][-]{subsection.5.10}{\376\377\000U\000s\000o\000\040\000d\000e\000\040\000R\000e\000c\000u\000r\000s\000o\000s}{section.5}% 17
\BOOKMARK [2][-]{subsection.5.11}{\376\377\000P\000e\000r\000s\000o\000n\000a\000l\000\040\000d\000e\000\040\000A\000p\000o\000y\000o}{section.5}% 18
\BOOKMARK [2][-]{subsection.5.12}{\376\377\000T\000r\000a\000s\000l\000a\000d\000o\000s}{section.5}% 19
\BOOKMARK [2][-]{subsection.5.13}{\376\377\000H\000e\000c\000h\000i\000c\000e\000r\000o\000s\000\040\000E\000n\000c\000a\000r\000g\000a\000d\000o\000s}{section.5}% 20
\BOOKMARK [2][-]{subsection.5.14}{\376\377\000A\000c\000c\000i\000o\000n\000e\000s\000\040\000R\000e\000c\000i\000e\000n\000t\000e\000s}{section.5}% 21
\BOOKMARK [2][-]{subsection.5.15}{\376\377\000A\000d\000m\000i\000n\000i\000s\000t\000r\000a\000c\000i\000\363\000n\000\040\000d\000e\000\040\000U\000s\000u\000a\000r\000i\000o\000s}{section.5}% 22
\BOOKMARK [1][-]{section.6}{\376\377\000S\000a\000l\000i\000d\000a\000s\000\040\000d\000e\000l\000\040\000S\000i\000s\000t\000e\000m\000a}{}% 23
\BOOKMARK [2][-]{subsection.6.1}{\376\377\000M\000a\000l\000d\000i\000c\000i\000o\000n\000e\000s\000\040\000p\000o\000r\000\040\000E\000s\000t\000a\000d\000o}{section.6}% 24
\BOOKMARK [2][-]{subsection.6.2}{\376\377\000M\000i\000s\000i\000o\000n\000e\000s\000\040\000e\000n\000\040\000R\000a\000n\000g\000o\000\040\000d\000e\000\040\000F\000e\000c\000h\000a\000s}{section.6}% 25
\BOOKMARK [2][-]{subsection.6.3}{\376\377\000E\000s\000t\000a\000d\000\355\000s\000t\000i\000c\000a\000s\000\040\000d\000e\000\040\000H\000e\000c\000h\000i\000c\000e\000r\000o}{section.6}% 26
\BOOKMARK [2][-]{subsection.6.4}{\376\377\000M\000i\000s\000i\000o\000n\000e\000s\000\040\000d\000e\000\040\000H\000e\000c\000h\000i\000c\000e\000r\000o}{section.6}% 27
\BOOKMARK [2][-]{subsection.6.5}{\376\377\000E\000f\000e\000c\000t\000i\000v\000i\000d\000a\000d\000\040\000d\000e\000\040\000T\000\351\000c\000n\000i\000c\000a\000s}{section.6}% 28
\BOOKMARK [2][-]{subsection.6.6}{\376\377\000R\000e\000l\000a\000c\000i\000o\000n\000e\000s\000\040\000M\000a\000e\000s\000t\000r\000o\000-\000D\000i\000s\000c\000\355\000p\000u\000l\000o}{section.6}% 29
\BOOKMARK [2][-]{subsection.6.7}{\376\377\000R\000a\000n\000k\000i\000n\000g\000\040\000d\000e\000\040\000H\000e\000c\000h\000i\000c\000e\000r\000o\000s}{section.6}% 30
\BOOKMARK [2][-]{subsection.6.8}{\376\377\000E\000x\000p\000o\000r\000t\000a\000c\000i\000\363\000n\000\040\000a\000\040\000P\000D\000F}{section.6}% 31
