\BOOKMARK [1][-]{section.1}{\376\377\000I\000n\000t\000r\000o\000d\000u\000c\000c\000i\000\363\000n}{}% 1
\BOOKMARK [1][-]{section.2}{\376\377\000D\000i\000c\000c\000i\000o\000n\000a\000r\000i\000o\000\040\000d\000e\000\040\000D\000a\000t\000o\000s}{}% 2
\BOOKMARK [2][-]{subsection.2.1}{\376\377\000E\000n\000t\000i\000d\000a\000d\000e\000s\000\040\000P\000r\000i\000n\000c\000i\000p\000a\000l\000e\000s}{section.2}% 3
\BOOKMARK [3][-]{subsubsection.2.1.1}{\376\377\000H\000e\000c\000h\000i\000c\000e\000r\000o}{subsection.2.1}% 4
\BOOKMARK [3][-]{subsubsection.2.1.2}{\376\377\000M\000a\000l\000d\000i\000c\000i\000o\000n}{subsection.2.1}% 5
\BOOKMARK [3][-]{subsubsection.2.1.3}{\376\377\000M\000i\000s\000i\000o\000n}{subsection.2.1}% 6
\BOOKMARK [3][-]{subsubsection.2.1.4}{\376\377\000T\000e\000c\000n\000i\000c\000a\000M\000a\000l\000d\000i\000t\000a}{subsection.2.1}% 7
\BOOKMARK [3][-]{subsubsection.2.1.5}{\376\377\000U\000b\000i\000c\000a\000c\000i\000o\000n}{subsection.2.1}% 8
\BOOKMARK [3][-]{subsubsection.2.1.6}{\376\377\000T\000r\000a\000s\000l\000a\000d\000o}{subsection.2.1}% 9
\BOOKMARK [3][-]{subsubsection.2.1.7}{\376\377\000R\000e\000c\000u\000r\000s\000o}{subsection.2.1}% 10
\BOOKMARK [3][-]{subsubsection.2.1.8}{\376\377\000P\000e\000r\000s\000o\000n\000a\000l\000D\000e\000A\000p\000o\000y\000o}{subsection.2.1}% 11
\BOOKMARK [3][-]{subsubsection.2.1.9}{\376\377\000S\000o\000l\000i\000c\000i\000t\000u\000d}{subsection.2.1}% 12
\BOOKMARK [3][-]{subsubsection.2.1.10}{\376\377\000U\000s\000u\000a\000r\000i\000o}{subsection.2.1}% 13
\BOOKMARK [2][-]{subsection.2.2}{\376\377\000E\000n\000t\000i\000d\000a\000d\000e\000s\000\040\000d\000e\000\040\000R\000e\000l\000a\000c\000i\000\363\000n}{section.2}% 14
\BOOKMARK [3][-]{subsubsection.2.2.1}{\376\377\000H\000e\000c\000h\000i\000c\000e\000r\000o\000E\000n\000M\000i\000s\000i\000o\000n}{subsection.2.2}% 15
\BOOKMARK [3][-]{subsubsection.2.2.2}{\376\377\000H\000e\000c\000h\000i\000c\000e\000r\000o\000E\000n\000c\000a\000r\000g\000a\000d\000o}{subsection.2.2}% 16
\BOOKMARK [3][-]{subsubsection.2.2.3}{\376\377\000T\000e\000c\000n\000i\000c\000a\000M\000a\000l\000d\000i\000t\000a\000D\000o\000m\000i\000n\000a\000d\000a}{subsection.2.2}% 17
\BOOKMARK [3][-]{subsubsection.2.2.4}{\376\377\000T\000e\000c\000n\000i\000c\000a\000M\000a\000l\000d\000i\000t\000a\000A\000p\000l\000i\000c\000a\000d\000a}{subsection.2.2}% 18
\BOOKMARK [3][-]{subsubsection.2.2.5}{\376\377\000U\000s\000o\000D\000e\000R\000e\000c\000u\000r\000s\000o}{subsection.2.2}% 19
\BOOKMARK [3][-]{subsubsection.2.2.6}{\376\377\000S\000u\000b\000o\000r\000d\000i\000n\000a\000c\000i\000o\000n}{subsection.2.2}% 20
\BOOKMARK [3][-]{subsubsection.2.2.7}{\376\377\000A\000u\000d\000i\000t\000E\000n\000t\000r\000y}{subsection.2.2}% 21
\BOOKMARK [1][-]{section.3}{\376\377\000A\000r\000q\000u\000i\000t\000e\000c\000t\000u\000r\000a\000\040\000d\000e\000l\000\040\000S\000i\000s\000t\000e\000m\000a}{}% 22
\BOOKMARK [2][-]{subsection.3.1}{\376\377\000A\000r\000q\000u\000i\000t\000e\000c\000t\000u\000r\000a\000\040\000d\000e\000\040\000C\000i\000n\000c\000o\000\040\000C\000a\000p\000a\000s}{section.3}% 23
\BOOKMARK [2][-]{subsection.3.2}{\376\377\000P\000a\000t\000r\000o\000n\000e\000s\000\040\000d\000e\000\040\000D\000i\000s\000e\000\361\000o}{section.3}% 24
\BOOKMARK [2][-]{subsection.3.3}{\376\377\000D\000i\000a\000g\000r\000a\000m\000a\000\040\000d\000e\000\040\000C\000l\000a\000s\000e\000s}{section.3}% 25
\BOOKMARK [1][-]{section.4}{\376\377\000M\000o\000d\000e\000l\000o\000\040\000E\000n\000t\000i\000d\000a\000d\000-\000R\000e\000l\000a\000c\000i\000\363\000n\000\040\000E\000x\000t\000e\000n\000d\000i\000d\000o\000\040\000\050\000M\000E\000R\000X\000\051}{}% 26
\BOOKMARK [1][-]{section.5}{\376\377\000F\000l\000u\000j\000o\000\040\000d\000e\000\040\000T\000r\000a\000b\000a\000j\000o\000\040\000M\000e\000t\000o\000d\000o\000l\000\363\000g\000i\000c\000o}{}% 27
\BOOKMARK [1][-]{section.6}{\376\377\000S\000o\000l\000u\000c\000i\000\363\000n\000\040\000P\000r\000o\000p\000u\000e\000s\000t\000a}{}% 28
\BOOKMARK [2][-]{subsection.6.1}{\376\377\000M\000\363\000d\000u\000l\000o\000s\000\040\000d\000e\000l\000\040\000S\000i\000s\000t\000e\000m\000a}{section.6}% 29
\BOOKMARK [2][-]{subsection.6.2}{\376\377\000T\000e\000c\000n\000o\000l\000o\000g\000\355\000a\000s\000\040\000I\000m\000p\000l\000e\000m\000e\000n\000t\000a\000d\000a\000s}{section.6}% 30
\BOOKMARK [1][-]{section.7}{\376\377\000C\000o\000n\000s\000i\000d\000e\000r\000a\000c\000i\000o\000n\000e\000s\000\040\000d\000e\000\040\000M\000a\000n\000t\000e\000n\000i\000m\000i\000e\000n\000t\000o}{}% 31
\BOOKMARK [2][-]{subsection.7.1}{\376\377\000E\000s\000t\000r\000u\000c\000t\000u\000r\000a\000\040\000d\000e\000l\000\040\000C\000\363\000d\000i\000g\000o}{section.7}% 32
\BOOKMARK [2][-]{subsection.7.2}{\376\377\000M\000i\000g\000r\000a\000c\000i\000o\000n\000e\000s\000\040\000d\000e\000\040\000B\000a\000s\000e\000\040\000d\000e\000\040\000D\000a\000t\000o\000s}{section.7}% 33
\BOOKMARK [2][-]{subsection.7.3}{\376\377\000C\000o\000n\000f\000i\000g\000u\000r\000a\000c\000i\000\363\000n}{section.7}% 34
\BOOKMARK [2][-]{subsection.7.4}{\376\377\000E\000x\000t\000e\000n\000s\000i\000b\000i\000l\000i\000d\000a\000d}{section.7}% 35
\BOOKMARK [2][-]{subsection.7.5}{\376\377\000R\000e\000g\000i\000s\000t\000r\000o\000\040\000d\000e\000\040\000A\000u\000d\000i\000t\000o\000r\000\355\000a}{section.7}% 36
